<?xml version="1.0" encoding="UTF-8"?>
<!-- Generated by org.testng.reporters.JUnitReportReporter -->
<testsuite hostname="HYDHTC389187L" failures="0" tests="1" name="booking.comTest.BookingTestCases" time="39.247" errors="0" timestamp="2024-02-05T11:50:31 IST" skipped="0">
  <testcase classname="booking.comTest.BookingTestCases" name="test1" time="39.247"/>
</testsuite> <!-- booking.comTest.BookingTestCases -->
